<?xml version="1.0" encoding="UTF-8"?>
<testsuite xmlns:xsi="http://www.w3.org/2001/XMLSchema-instance" xsi:noNamespaceSchemaLocation="https://maven.apache.org/surefire/maven-surefire-plugin/xsd/surefire-test-report.xsd" name="com.testerhome.hgwz.contact.DepartmentTest" time="8.032" tests="7" errors="3" skipped="0" failures="1">
  <properties>
    <property name="gopherProxySet" value="false"/>
    <property name="awt.toolkit" value="sun.lwawt.macosx.LWCToolkit"/>
    <property name="file.encoding.pkg" value="sun.io"/>
    <property name="java.specification.version" value="1.8"/>
    <property name="sun.cpu.isalist" value=""/>
    <property name="sun.jnu.encoding" value="UTF-8"/>
    <property name="java.class.path" value="/Users/apple/IdeaProjects/hgwzTesthome/target/test-classes:/Users/apple/IdeaProjects/hgwzTesthome/target/classes:/Users/apple/.m2/repository/io/rest-assured/rest-assured/4.3.0/rest-assured-4.3.0.jar:/Users/apple/.m2/repository/org/codehaus/groovy/groovy/3.0.2/groovy-3.0.2.jar:/Users/apple/.m2/repository/org/codehaus/groovy/groovy-xml/3.0.2/groovy-xml-3.0.2.jar:/Users/apple/.m2/repository/org/apache/httpcomponents/httpclient/4.5.3/httpclient-4.5.3.jar:/Users/apple/.m2/repository/org/apache/httpcomponents/httpcore/4.4.6/httpcore-4.4.6.jar:/Users/apple/.m2/repository/commons-logging/commons-logging/1.2/commons-logging-1.2.jar:/Users/apple/.m2/repository/commons-codec/commons-codec/1.9/commons-codec-1.9.jar:/Users/apple/.m2/repository/org/apache/httpcomponents/httpmime/4.5.3/httpmime-4.5.3.jar:/Users/apple/.m2/repository/org/hamcrest/hamcrest/2.1/hamcrest-2.1.jar:/Users/apple/.m2/repository/org/ccil/cowan/tagsoup/tagsoup/1.2.1/tagsoup-1.2.1.jar:/Users/apple/.m2/repository/io/rest-assured/json-path/4.3.0/json-path-4.3.0.jar:/Users/apple/.m2/repository/org/codehaus/groovy/groovy-json/3.0.2/groovy-json-3.0.2.jar:/Users/apple/.m2/repository/io/rest-assured/rest-assured-common/4.3.0/rest-assured-common-4.3.0.jar:/Users/apple/.m2/repository/io/rest-assured/xml-path/4.3.0/xml-path-4.3.0.jar:/Users/apple/.m2/repository/org/apache/commons/commons-lang3/3.4/commons-lang3-3.4.jar:/Users/apple/.m2/repository/jakarta/xml/bind/jakarta.xml.bind-api/2.3.2/jakarta.xml.bind-api-2.3.2.jar:/Users/apple/.m2/repository/jakarta/activation/jakarta.activation-api/1.2.1/jakarta.activation-api-1.2.1.jar:/Users/apple/.m2/repository/com/sun/xml/bind/jaxb-osgi/2.3.0.1/jaxb-osgi-2.3.0.1.jar:/Users/apple/.m2/repository/org/apache/sling/org.apache.sling.javax.activation/0.1.0/org.apache.sling.javax.activation-0.1.0.jar:/Users/apple/.m2/repository/javax/activation/activation/1.1.1/activation-1.1.1.jar:/Users/apple/.m2/repository/org/slf4j/slf4j-simple/1.7.25/slf4j-simple-1.7.25.jar:/Users/apple/.m2/repository/org/slf4j/slf4j-api/1.7.25/slf4j-api-1.7.25.jar:/Users/apple/.m2/repository/com/jayway/jsonpath/json-path/2.4.0/json-path-2.4.0.jar:/Users/apple/.m2/repository/net/minidev/json-smart/2.3/json-smart-2.3.jar:/Users/apple/.m2/repository/net/minidev/accessors-smart/1.2/accessors-smart-1.2.jar:/Users/apple/.m2/repository/org/ow2/asm/asm/5.0.4/asm-5.0.4.jar:/Users/apple/.m2/repository/org/junit/jupiter/junit-jupiter/5.7.0-M1/junit-jupiter-5.7.0-M1.jar:/Users/apple/.m2/repository/org/junit/jupiter/junit-jupiter-api/5.7.0-M1/junit-jupiter-api-5.7.0-M1.jar:/Users/apple/.m2/repository/org/apiguardian/apiguardian-api/1.1.0/apiguardian-api-1.1.0.jar:/Users/apple/.m2/repository/org/opentest4j/opentest4j/1.2.0/opentest4j-1.2.0.jar:/Users/apple/.m2/repository/org/junit/platform/junit-platform-commons/1.7.0-M1/junit-platform-commons-1.7.0-M1.jar:/Users/apple/.m2/repository/org/junit/jupiter/junit-jupiter-params/5.7.0-M1/junit-jupiter-params-5.7.0-M1.jar:/Users/apple/.m2/repository/org/junit/jupiter/junit-jupiter-engine/5.7.0-M1/junit-jupiter-engine-5.7.0-M1.jar:/Users/apple/.m2/repository/org/junit/platform/junit-platform-engine/1.7.0-M1/junit-platform-engine-1.7.0-M1.jar:/Users/apple/.m2/repository/com/fasterxml/jackson/core/jackson-databind/2.9.8/jackson-databind-2.9.8.jar:/Users/apple/.m2/repository/com/fasterxml/jackson/core/jackson-annotations/2.9.0/jackson-annotations-2.9.0.jar:/Users/apple/.m2/repository/com/fasterxml/jackson/core/jackson-core/2.9.8/jackson-core-2.9.8.jar:/Users/apple/.m2/repository/com/fasterxml/jackson/dataformat/jackson-dataformat-yaml/2.9.9/jackson-dataformat-yaml-2.9.9.jar:/Users/apple/.m2/repository/org/yaml/snakeyaml/1.23/snakeyaml-1.23.jar:/Users/apple/.m2/repository/io/qameta/allure/allure-junit5/2.13.3/allure-junit5-2.13.3.jar:/Users/apple/.m2/repository/io/qameta/allure/allure-junit-platform/2.13.3/allure-junit-platform-2.13.3.jar:/Users/apple/.m2/repository/io/qameta/allure/allure-java-commons/2.13.3/allure-java-commons-2.13.3.jar:/Users/apple/.m2/repository/io/qameta/allure/allure-model/2.13.3/allure-model-2.13.3.jar:/Users/apple/.m2/repository/org/apache/tika/tika-core/1.20/tika-core-1.20.jar:/Users/apple/.m2/repository/org/jooq/joor-java-8/0.9.10/joor-java-8-0.9.10.jar:/Users/apple/.m2/repository/org/junit/platform/junit-platform-launcher/1.5.2/junit-platform-launcher-1.5.2.jar:"/>
    <property name="java.vm.vendor" value="Oracle Corporation"/>
    <property name="sun.arch.data.model" value="64"/>
    <property name="java.vendor.url" value="http://java.oracle.com/"/>
    <property name="user.timezone" value="Asia/Shanghai"/>
    <property name="java.vm.specification.version" value="1.8"/>
    <property name="os.name" value="Mac OS X"/>
    <property name="user.country" value="CN"/>
    <property name="sun.java.launcher" value="SUN_STANDARD"/>
    <property name="sun.boot.library.path" value="/Library/Java/JavaVirtualMachines/jdk1.8.0_191.jdk/Contents/Home/jre/lib"/>
    <property name="sun.java.command" value="/Users/apple/IdeaProjects/hgwzTesthome/target/surefire/surefirebooter1661297996292791687.jar /Users/apple/IdeaProjects/hgwzTesthome/target/surefire 2020-07-05T11-42-27_853-jvmRun1 surefire1759448667165385412tmp surefire_04660310896267437707tmp"/>
    <property name="http.nonProxyHosts" value="local|*.local|169.254/16|*.169.254/16"/>
    <property name="test" value="DepartmentTest"/>
    <property name="surefire.test.class.path" value="/Users/apple/IdeaProjects/hgwzTesthome/target/test-classes:/Users/apple/IdeaProjects/hgwzTesthome/target/classes:/Users/apple/.m2/repository/io/rest-assured/rest-assured/4.3.0/rest-assured-4.3.0.jar:/Users/apple/.m2/repository/org/codehaus/groovy/groovy/3.0.2/groovy-3.0.2.jar:/Users/apple/.m2/repository/org/codehaus/groovy/groovy-xml/3.0.2/groovy-xml-3.0.2.jar:/Users/apple/.m2/repository/org/apache/httpcomponents/httpclient/4.5.3/httpclient-4.5.3.jar:/Users/apple/.m2/repository/org/apache/httpcomponents/httpcore/4.4.6/httpcore-4.4.6.jar:/Users/apple/.m2/repository/commons-logging/commons-logging/1.2/commons-logging-1.2.jar:/Users/apple/.m2/repository/commons-codec/commons-codec/1.9/commons-codec-1.9.jar:/Users/apple/.m2/repository/org/apache/httpcomponents/httpmime/4.5.3/httpmime-4.5.3.jar:/Users/apple/.m2/repository/org/hamcrest/hamcrest/2.1/hamcrest-2.1.jar:/Users/apple/.m2/repository/org/ccil/cowan/tagsoup/tagsoup/1.2.1/tagsoup-1.2.1.jar:/Users/apple/.m2/repository/io/rest-assured/json-path/4.3.0/json-path-4.3.0.jar:/Users/apple/.m2/repository/org/codehaus/groovy/groovy-json/3.0.2/groovy-json-3.0.2.jar:/Users/apple/.m2/repository/io/rest-assured/rest-assured-common/4.3.0/rest-assured-common-4.3.0.jar:/Users/apple/.m2/repository/io/rest-assured/xml-path/4.3.0/xml-path-4.3.0.jar:/Users/apple/.m2/repository/org/apache/commons/commons-lang3/3.4/commons-lang3-3.4.jar:/Users/apple/.m2/repository/jakarta/xml/bind/jakarta.xml.bind-api/2.3.2/jakarta.xml.bind-api-2.3.2.jar:/Users/apple/.m2/repository/jakarta/activation/jakarta.activation-api/1.2.1/jakarta.activation-api-1.2.1.jar:/Users/apple/.m2/repository/com/sun/xml/bind/jaxb-osgi/2.3.0.1/jaxb-osgi-2.3.0.1.jar:/Users/apple/.m2/repository/org/apache/sling/org.apache.sling.javax.activation/0.1.0/org.apache.sling.javax.activation-0.1.0.jar:/Users/apple/.m2/repository/javax/activation/activation/1.1.1/activation-1.1.1.jar:/Users/apple/.m2/repository/org/slf4j/slf4j-simple/1.7.25/slf4j-simple-1.7.25.jar:/Users/apple/.m2/repository/org/slf4j/slf4j-api/1.7.25/slf4j-api-1.7.25.jar:/Users/apple/.m2/repository/com/jayway/jsonpath/json-path/2.4.0/json-path-2.4.0.jar:/Users/apple/.m2/repository/net/minidev/json-smart/2.3/json-smart-2.3.jar:/Users/apple/.m2/repository/net/minidev/accessors-smart/1.2/accessors-smart-1.2.jar:/Users/apple/.m2/repository/org/ow2/asm/asm/5.0.4/asm-5.0.4.jar:/Users/apple/.m2/repository/org/junit/jupiter/junit-jupiter/5.7.0-M1/junit-jupiter-5.7.0-M1.jar:/Users/apple/.m2/repository/org/junit/jupiter/junit-jupiter-api/5.7.0-M1/junit-jupiter-api-5.7.0-M1.jar:/Users/apple/.m2/repository/org/apiguardian/apiguardian-api/1.1.0/apiguardian-api-1.1.0.jar:/Users/apple/.m2/repository/org/opentest4j/opentest4j/1.2.0/opentest4j-1.2.0.jar:/Users/apple/.m2/repository/org/junit/platform/junit-platform-commons/1.7.0-M1/junit-platform-commons-1.7.0-M1.jar:/Users/apple/.m2/repository/org/junit/jupiter/junit-jupiter-params/5.7.0-M1/junit-jupiter-params-5.7.0-M1.jar:/Users/apple/.m2/repository/org/junit/jupiter/junit-jupiter-engine/5.7.0-M1/junit-jupiter-engine-5.7.0-M1.jar:/Users/apple/.m2/repository/org/junit/platform/junit-platform-engine/1.7.0-M1/junit-platform-engine-1.7.0-M1.jar:/Users/apple/.m2/repository/com/fasterxml/jackson/core/jackson-databind/2.9.8/jackson-databind-2.9.8.jar:/Users/apple/.m2/repository/com/fasterxml/jackson/core/jackson-annotations/2.9.0/jackson-annotations-2.9.0.jar:/Users/apple/.m2/repository/com/fasterxml/jackson/core/jackson-core/2.9.8/jackson-core-2.9.8.jar:/Users/apple/.m2/repository/com/fasterxml/jackson/dataformat/jackson-dataformat-yaml/2.9.9/jackson-dataformat-yaml-2.9.9.jar:/Users/apple/.m2/repository/org/yaml/snakeyaml/1.23/snakeyaml-1.23.jar:/Users/apple/.m2/repository/io/qameta/allure/allure-junit5/2.13.3/allure-junit5-2.13.3.jar:/Users/apple/.m2/repository/io/qameta/allure/allure-junit-platform/2.13.3/allure-junit-platform-2.13.3.jar:/Users/apple/.m2/repository/io/qameta/allure/allure-java-commons/2.13.3/allure-java-commons-2.13.3.jar:/Users/apple/.m2/repository/io/qameta/allure/allure-model/2.13.3/allure-model-2.13.3.jar:/Users/apple/.m2/repository/org/apache/tika/tika-core/1.20/tika-core-1.20.jar:/Users/apple/.m2/repository/org/jooq/joor-java-8/0.9.10/joor-java-8-0.9.10.jar:/Users/apple/.m2/repository/org/junit/platform/junit-platform-launcher/1.5.2/junit-platform-launcher-1.5.2.jar:"/>
    <property name="sun.cpu.endian" value="little"/>
    <property name="user.home" value="/Users/apple"/>
    <property name="user.language" value="zh"/>
    <property name="java.specification.vendor" value="Oracle Corporation"/>
    <property name="java.home" value="/Library/Java/JavaVirtualMachines/jdk1.8.0_191.jdk/Contents/Home/jre"/>
    <property name="basedir" value="/Users/apple/IdeaProjects/hgwzTesthome"/>
    <property name="file.separator" value="/"/>
    <property name="line.separator" value="&#10;"/>
    <property name="java.vm.specification.vendor" value="Oracle Corporation"/>
    <property name="java.specification.name" value="Java Platform API Specification"/>
    <property name="java.awt.graphicsenv" value="sun.awt.CGraphicsEnvironment"/>
    <property name="surefire.real.class.path" value="/Users/apple/IdeaProjects/hgwzTesthome/target/surefire/surefirebooter1661297996292791687.jar:/Users/apple/.m2/repository/org/aspectj/aspectjweaver/1.8.10/aspectjweaver-1.8.10.jar"/>
    <property name="sun.boot.class.path" value="/Library/Java/JavaVirtualMachines/jdk1.8.0_191.jdk/Contents/Home/jre/lib/resources.jar:/Library/Java/JavaVirtualMachines/jdk1.8.0_191.jdk/Contents/Home/jre/lib/rt.jar:/Library/Java/JavaVirtualMachines/jdk1.8.0_191.jdk/Contents/Home/jre/lib/sunrsasign.jar:/Library/Java/JavaVirtualMachines/jdk1.8.0_191.jdk/Contents/Home/jre/lib/jsse.jar:/Library/Java/JavaVirtualMachines/jdk1.8.0_191.jdk/Contents/Home/jre/lib/jce.jar:/Library/Java/JavaVirtualMachines/jdk1.8.0_191.jdk/Contents/Home/jre/lib/charsets.jar:/Library/Java/JavaVirtualMachines/jdk1.8.0_191.jdk/Contents/Home/jre/lib/jfr.jar:/Library/Java/JavaVirtualMachines/jdk1.8.0_191.jdk/Contents/Home/jre/classes"/>
    <property name="sun.management.compiler" value="HotSpot 64-Bit Tiered Compilers"/>
    <property name="ftp.nonProxyHosts" value="local|*.local|169.254/16|*.169.254/16"/>
    <property name="java.runtime.version" value="1.8.0_191-b12"/>
    <property name="user.name" value="apple"/>
    <property name="path.separator" value=":"/>
    <property name="os.version" value="10.15.4"/>
    <property name="java.endorsed.dirs" value="/Library/Java/JavaVirtualMachines/jdk1.8.0_191.jdk/Contents/Home/jre/lib/endorsed"/>
    <property name="java.runtime.name" value="Java(TM) SE Runtime Environment"/>
    <property name="file.encoding" value="UTF-8"/>
    <property name="java.vm.name" value="Java HotSpot(TM) 64-Bit Server VM"/>
    <property name="localRepository" value="/Users/apple/.m2/repository"/>
    <property name="java.vendor.url.bug" value="http://bugreport.sun.com/bugreport/"/>
    <property name="java.io.tmpdir" value="/var/folders/9q/6z5w1gbj03949qcyprqjhrhr0000gn/T/"/>
    <property name="java.version" value="1.8.0_191"/>
    <property name="user.dir" value="/Users/apple/IdeaProjects/hgwzTesthome"/>
    <property name="os.arch" value="x86_64"/>
    <property name="java.vm.specification.name" value="Java Virtual Machine Specification"/>
    <property name="java.awt.printerjob" value="sun.lwawt.macosx.CPrinterJob"/>
    <property name="sun.os.patch.level" value="unknown"/>
    <property name="java.library.path" value="/Users/apple/Library/Java/Extensions:/Library/Java/Extensions:/Network/Library/Java/Extensions:/System/Library/Java/Extensions:/usr/lib/java:."/>
    <property name="junit.jupiter.extensions.autodetection.enabled" value="true"/>
    <property name="java.vm.info" value="mixed mode"/>
    <property name="java.vendor" value="Oracle Corporation"/>
    <property name="java.vm.version" value="25.191-b12"/>
    <property name="java.ext.dirs" value="/Users/apple/Library/Java/Extensions:/Library/Java/JavaVirtualMachines/jdk1.8.0_191.jdk/Contents/Home/jre/lib/ext:/Library/Java/Extensions:/Network/Library/Java/Extensions:/System/Library/Java/Extensions:/usr/lib/java"/>
    <property name="sun.io.unicode.encoding" value="UnicodeBig"/>
    <property name="java.class.version" value="52.0"/>
    <property name="socksNonProxyHosts" value="local|*.local|169.254/16|*.169.254/16"/>
  </properties>
  <testcase name="updateMap" classname="com.testerhome.hgwz.contact.DepartmentTest" time="5.809"/>
  <testcase name="create" classname="com.testerhome.hgwz.contact.DepartmentTest" time="0.342"/>
  <testcase name="delete" classname="com.testerhome.hgwz.contact.DepartmentTest" time="0.345">
    <error type="java.lang.NullPointerException">java.lang.NullPointerException
	at com.testerhome.hgwz.contact.DepartmentTest.delete(DepartmentTest.java:60)
</error>
    <system-out><![CDATA[Request method:	POST
Request URI:	https://qyapi.weixin.qq.com/cgi-bin/department/create?access_token=hjpDQQ9uPQWoL-uEMsyZ2o4vEl4YTOYSzZ2kb7RxqoalrcwAI-UxGrxTPGkOr66QAGc7M2fU3xWYll5c6a3_ycafVMQCl0m70NAg6vPZ0t9ExAMTXo-fIXRY81KvGbIZlpeC8jpIJrs0s9upirFUa10iDjhiO7kD2M17BuMql_NlH_7FVVxYFaJJWHrvHLWJP_dh4b9x_lE5aW9HigbsaQ
Proxy:			<none>
Request params:	<none>
Query params:	access_token=hjpDQQ9uPQWoL-uEMsyZ2o4vEl4YTOYSzZ2kb7RxqoalrcwAI-UxGrxTPGkOr66QAGc7M2fU3xWYll5c6a3_ycafVMQCl0m70NAg6vPZ0t9ExAMTXo-fIXRY81KvGbIZlpeC8jpIJrs0s9upirFUa10iDjhiO7kD2M17BuMql_NlH_7FVVxYFaJJWHrvHLWJP_dh4b9x_lE5aW9HigbsaQ
Form params:	<none>
Path params:	<none>
Headers:		Accept=*/*
				Content-Type=application/json; charset=UTF-8
Cookies:		<none>
Multiparts:		<none>
Body:
{
    "name": "测试部门1593920551141",
    "name_en": null,
    "parentid": "1",
    "order": null,
    "id": null
}
HTTP/1.1 200 OK
Server: nginx
Date: Sun, 05 Jul 2020 03:43:09 GMT
Content-Type: application/json; charset=UTF-8
Content-Length: 194
Connection: keep-alive
Error-Code: 60008
Error-Msg: department existed, hint: [1593920589_53_164efe1f4c0328431c3bfab87b663a07], from ip: 60.191.0.188, more info at https://open.work.weixin.qq.com/devtool/query?e=60008

{
    "errcode": 60008,
    "errmsg": "department existed, hint: [1593920589_53_164efe1f4c0328431c3bfab87b663a07], from ip: 60.191.0.188, more info at https://open.work.weixin.qq.com/devtool/query?e=60008"
}
]]></system-out>
  </testcase>
  <testcase name="update" classname="com.testerhome.hgwz.contact.DepartmentTest" time="0.321">
    <error type="java.lang.NullPointerException">java.lang.NullPointerException
	at com.testerhome.hgwz.contact.DepartmentTest.update(DepartmentTest.java:66)
</error>
    <system-out><![CDATA[Request method:	POST
Request URI:	https://qyapi.weixin.qq.com/cgi-bin/department/create?access_token=hjpDQQ9uPQWoL-uEMsyZ2o4vEl4YTOYSzZ2kb7RxqoalrcwAI-UxGrxTPGkOr66QAGc7M2fU3xWYll5c6a3_ycafVMQCl0m70NAg6vPZ0t9ExAMTXo-fIXRY81KvGbIZlpeC8jpIJrs0s9upirFUa10iDjhiO7kD2M17BuMql_NlH_7FVVxYFaJJWHrvHLWJP_dh4b9x_lE5aW9HigbsaQ
Proxy:			<none>
Request params:	<none>
Query params:	access_token=hjpDQQ9uPQWoL-uEMsyZ2o4vEl4YTOYSzZ2kb7RxqoalrcwAI-UxGrxTPGkOr66QAGc7M2fU3xWYll5c6a3_ycafVMQCl0m70NAg6vPZ0t9ExAMTXo-fIXRY81KvGbIZlpeC8jpIJrs0s9upirFUa10iDjhiO7kD2M17BuMql_NlH_7FVVxYFaJJWHrvHLWJP_dh4b9x_lE5aW9HigbsaQ
Form params:	<none>
Path params:	<none>
Headers:		Accept=*/*
				Content-Type=application/json; charset=UTF-8
Cookies:		<none>
Multiparts:		<none>
Body:
{
    "name": "测试部门1593920551141",
    "name_en": null,
    "parentid": "1",
    "order": null,
    "id": null
}
HTTP/1.1 200 OK
Server: nginx
Date: Sun, 05 Jul 2020 03:43:09 GMT
Content-Type: application/json; charset=UTF-8
Content-Length: 194
Connection: keep-alive
Error-Code: 60008
Error-Msg: department existed, hint: [1593920589_81_330cb13c3f8bca6517dcd5f13ff125a0], from ip: 60.191.0.188, more info at https://open.work.weixin.qq.com/devtool/query?e=60008

{
    "errcode": 60008,
    "errmsg": "department existed, hint: [1593920589_81_330cb13c3f8bca6517dcd5f13ff125a0], from ip: 60.191.0.188, more info at https://open.work.weixin.qq.com/devtool/query?e=60008"
}
]]></system-out>
  </testcase>
  <testcase name="list" classname="com.testerhome.hgwz.contact.DepartmentTest" time="0.374"/>
  <testcase name="createMap" classname="com.testerhome.hgwz.contact.DepartmentTest" time="0.421">
    <failure message="1 expectation failed.&#10;JSON path errcode doesn&apos;t match.&#10;Expected: &lt;0&gt;&#10;  Actual: 60008&#10;" type="java.lang.AssertionError"><![CDATA[java.lang.AssertionError: 
1 expectation failed.
JSON path errcode doesn't match.
Expected: <0>
  Actual: 60008

	at com.testerhome.hgwz.contact.DepartmentTest.createMap(DepartmentTest.java:55)
]]></failure>
    <system-out><![CDATA[Request method:	POST
Request URI:	https://qyapi.weixin.qq.com/cgi-bin/department/create?access_token=hjpDQQ9uPQWoL-uEMsyZ2o4vEl4YTOYSzZ2kb7RxqoalrcwAI-UxGrxTPGkOr66QAGc7M2fU3xWYll5c6a3_ycafVMQCl0m70NAg6vPZ0t9ExAMTXo-fIXRY81KvGbIZlpeC8jpIJrs0s9upirFUa10iDjhiO7kD2M17BuMql_NlH_7FVVxYFaJJWHrvHLWJP_dh4b9x_lE5aW9HigbsaQ
Proxy:			<none>
Request params:	<none>
Query params:	access_token=hjpDQQ9uPQWoL-uEMsyZ2o4vEl4YTOYSzZ2kb7RxqoalrcwAI-UxGrxTPGkOr66QAGc7M2fU3xWYll5c6a3_ycafVMQCl0m70NAg6vPZ0t9ExAMTXo-fIXRY81KvGbIZlpeC8jpIJrs0s9upirFUa10iDjhiO7kD2M17BuMql_NlH_7FVVxYFaJJWHrvHLWJP_dh4b9x_lE5aW9HigbsaQ
Form params:	<none>
Path params:	<none>
Headers:		Accept=*/*
				Content-Type=application/json; charset=UTF-8
Cookies:		<none>
Multiparts:		<none>
Body:
{
    "name": "测试部门1593920551141",
    "name_en": null,
    "parentid": 1,
    "order": null,
    "id": null
}
HTTP/1.1 200 OK
Server: nginx
Date: Sun, 05 Jul 2020 03:43:10 GMT
Content-Type: application/json; charset=UTF-8
Content-Length: 194
Connection: keep-alive
Error-Code: 60008
Error-Msg: department existed, hint: [1593920590_81_cf485014cfeec644914635204842b285], from ip: 60.191.0.188, more info at https://open.work.weixin.qq.com/devtool/query?e=60008

{
    "errcode": 60008,
    "errmsg": "department existed, hint: [1593920590_81_cf485014cfeec644914635204842b285], from ip: 60.191.0.188, more info at https://open.work.weixin.qq.com/devtool/query?e=60008"
}
]]></system-out>
  </testcase>
  <testcase name="createExisted" classname="com.testerhome.hgwz.contact.DepartmentTest" time="0.33">
    <error type="java.lang.NullPointerException">java.lang.NullPointerException
	at com.testerhome.hgwz.contact.DepartmentTest.createExisted(DepartmentTest.java:41)
</error>
    <system-out><![CDATA[Request method:	POST
Request URI:	https://qyapi.weixin.qq.com/cgi-bin/department/create?access_token=hjpDQQ9uPQWoL-uEMsyZ2o4vEl4YTOYSzZ2kb7RxqoalrcwAI-UxGrxTPGkOr66QAGc7M2fU3xWYll5c6a3_ycafVMQCl0m70NAg6vPZ0t9ExAMTXo-fIXRY81KvGbIZlpeC8jpIJrs0s9upirFUa10iDjhiO7kD2M17BuMql_NlH_7FVVxYFaJJWHrvHLWJP_dh4b9x_lE5aW9HigbsaQ
Proxy:			<none>
Request params:	<none>
Query params:	access_token=hjpDQQ9uPQWoL-uEMsyZ2o4vEl4YTOYSzZ2kb7RxqoalrcwAI-UxGrxTPGkOr66QAGc7M2fU3xWYll5c6a3_ycafVMQCl0m70NAg6vPZ0t9ExAMTXo-fIXRY81KvGbIZlpeC8jpIJrs0s9upirFUa10iDjhiO7kD2M17BuMql_NlH_7FVVxYFaJJWHrvHLWJP_dh4b9x_lE5aW9HigbsaQ
Form params:	<none>
Path params:	<none>
Headers:		Accept=*/*
				Content-Type=application/json; charset=UTF-8
Cookies:		<none>
Multiparts:		<none>
Body:
{
    "name": "测试部门1593920551141",
    "name_en": null,
    "parentid": "1",
    "order": null,
    "id": null
}
HTTP/1.1 200 OK
Server: nginx
Date: Sun, 05 Jul 2020 03:43:11 GMT
Content-Type: application/json; charset=UTF-8
Content-Length: 194
Connection: keep-alive
Error-Code: 60008
Error-Msg: department existed, hint: [1593920591_81_fdb7178161aa548b5e48898e01db6698], from ip: 60.191.0.188, more info at https://open.work.weixin.qq.com/devtool/query?e=60008

{
    "errcode": 60008,
    "errmsg": "department existed, hint: [1593920591_81_fdb7178161aa548b5e48898e01db6698], from ip: 60.191.0.188, more info at https://open.work.weixin.qq.com/devtool/query?e=60008"
}
]]></system-out>
  </testcase>
</testsuite>